<?xml version="1.0" encoding="UTF-8"?>
<testsuite xmlns:xsi="http://www.w3.org/2001/XMLSchema-instance" xsi:noNamespaceSchemaLocation="https://maven.apache.org/surefire/maven-surefire-plugin/xsd/surefire-test-report.xsd" name="arama_feature" time="55.077" tests="3" errors="0" skipped="0" failures="0">
  <properties>
[...]
</properties>
  <testcase name="TC01_google_iphone_arama" classname="arama_feature" time="20.491"/>
  <testcase name="TC02_google_tesla_arama" classname="arama_feature" time="18.191"/>
  <testcase name="TC03_google_water_arama" classname="arama_feature" time="16.392"/>
</testsuite>